{"/Users/macosbigsur/Documents/Code/Drips-OSS/hintents/src/utils/logger.ts": {"path":"/Users/macosbigsur/Documents/Code/Drips-OSS/hintents/src/utils/logger.ts","statementMap":{"0":{"start":{"line":169,"column":0},"end":{"line":169,"column":16}},"1":{"start":{"line":176,"column":0},"end":{"line":176,"column":16}},"2":{"start":{"line":4,"column":0},"end":{"line":4,"column":26}},"3":{"start":{"line":6,"column":0},"end":{"line":6,"column":null}},"4":{"start":{"line":7,"column":4},"end":{"line":7,"column":null}},"5":{"start":{"line":8,"column":4},"end":{"line":8,"column":null}},"6":{"start":{"line":9,"column":4},"end":{"line":9,"column":null}},"7":{"start":{"line":12,"column":0},"end":{"line":12,"column":null}},"8":{"start":{"line":13,"column":4},"end":{"line":13,"column":null}},"9":{"start":{"line":14,"column":4},"end":{"line":14,"column":null}},"10":{"start":{"line":15,"column":4},"end":{"line":15,"column":null}},"11":{"start":{"line":16,"column":4},"end":{"line":16,"column":null}},"12":{"start":{"line":17,"column":4},"end":{"line":17,"column":null}},"13":{"start":{"line":18,"column":4},"end":{"line":18,"column":null}},"14":{"start":{"line":26,"column":8},"end":{"line":26,"column":27}},"15":{"start":{"line":27,"column":8},"end":{"line":27,"column":36}},"16":{"start":{"line":34,"column":8},"end":{"line":34,"column":27}},"17":{"start":{"line":41,"column":8},"end":{"line":41,"column":46}},"18":{"start":{"line":48,"column":8},"end":{"line":50,"column":9}},"19":{"start":{"line":49,"column":12},"end":{"line":49,"column":33}},"20":{"start":{"line":57,"column":8},"end":{"line":59,"column":9}},"21":{"start":{"line":58,"column":12},"end":{"line":58,"column":53}},"22":{"start":{"line":66,"column":8},"end":{"line":68,"column":9}},"23":{"start":{"line":67,"column":12},"end":{"line":67,"column":56}},"24":{"start":{"line":75,"column":8},"end":{"line":82,"column":9}},"25":{"start":{"line":76,"column":12},"end":{"line":76,"column":53}},"26":{"start":{"line":78,"column":12},"end":{"line":81,"column":13}},"27":{"start":{"line":79,"column":16},"end":{"line":79,"column":60}},"28":{"start":{"line":80,"column":16},"end":{"line":80,"column":72}},"29":{"start":{"line":89,"column":8},"end":{"line":95,"column":9}},"30":{"start":{"line":90,"column":30},"end":{"line":90,"column":49}},"31":{"start":{"line":91,"column":34},"end":{"line":91,"column":65}},"32":{"start":{"line":92,"column":38},"end":{"line":92,"column":80}},"33":{"start":{"line":94,"column":12},"end":{"line":94,"column":84}},"34":{"start":{"line":102,"column":8},"end":{"line":109,"column":9}},"35":{"start":{"line":103,"column":30},"end":{"line":103,"column":49}},"36":{"start":{"line":104,"column":34},"end":{"line":104,"column":65}},"37":{"start":{"line":105,"column":38},"end":{"line":105,"column":80}},"38":{"start":{"line":106,"column":27},"end":{"line":106,"column":46}},"39":{"start":{"line":108,"column":12},"end":{"line":108,"column":92}},"40":{"start":{"line":116,"column":24},"end":{"line":116,"column":51}},"41":{"start":{"line":117,"column":24},"end":{"line":117,"column":50}},"42":{"start":{"line":118,"column":19},"end":{"line":118,"column":33}},"43":{"start":{"line":119,"column":8},"end":{"line":119,"column":117}},"44":{"start":{"line":126,"column":8},"end":{"line":139,"column":9}},"45":{"start":{"line":128,"column":16},"end":{"line":128,"column":34}},"46":{"start":{"line":130,"column":16},"end":{"line":130,"column":34}},"47":{"start":{"line":132,"column":16},"end":{"line":132,"column":37}},"48":{"start":{"line":134,"column":16},"end":{"line":134,"column":36}},"49":{"start":{"line":136,"column":16},"end":{"line":136,"column":33}},"50":{"start":{"line":138,"column":16},"end":{"line":138,"column":35}},"51":{"start":{"line":146,"column":8},"end":{"line":146,"column":42}},"52":{"start":{"line":146,"column":25},"end":{"line":146,"column":42}},"53":{"start":{"line":148,"column":18},"end":{"line":148,"column":22}},"54":{"start":{"line":149,"column":22},"end":{"line":149,"column":49}},"55":{"start":{"line":150,"column":18},"end":{"line":150,"column":59}},"56":{"start":{"line":152,"column":8},"end":{"line":152,"column":68}},"57":{"start":{"line":159,"column":8},"end":{"line":161,"column":9}},"58":{"start":{"line":160,"column":12},"end":{"line":160,"column":29}},"59":{"start":{"line":162,"column":8},"end":{"line":162,"column":44}},"60":{"start":{"line":21,"column":0},"end":{"line":21,"column":13}},"61":{"start":{"line":167,"column":34},"end":{"line":167,"column":38}},"62":{"start":{"line":170,"column":4},"end":{"line":172,"column":5}},"63":{"start":{"line":171,"column":8},"end":{"line":171,"column":36}},"64":{"start":{"line":173,"column":4},"end":{"line":173,"column":24}},"65":{"start":{"line":177,"column":4},"end":{"line":177,"column":32}}},"fnMap":{"0":{"name":"(anonymous_1)","decl":{"start":{"line":6,"column":0},"end":{"line":6,"column":12}},"loc":{"start":{"line":6,"column":20},"end":{"line":10,"column":1}}},"1":{"name":"(anonymous_2)","decl":{"start":{"line":12,"column":0},"end":{"line":12,"column":12}},"loc":{"start":{"line":12,"column":23},"end":{"line":19,"column":1}}},"2":{"name":"(anonymous_3)","decl":{"start":{"line":25,"column":4},"end":{"line":25,"column":16}},"loc":{"start":{"line":25,"column":51},"end":{"line":28,"column":5}}},"3":{"name":"(anonymous_4)","decl":{"start":{"line":33,"column":4},"end":{"line":33,"column":12}},"loc":{"start":{"line":33,"column":28},"end":{"line":35,"column":5}}},"4":{"name":"(anonymous_5)","decl":{"start":{"line":40,"column":4},"end":{"line":40,"column":13}},"loc":{"start":{"line":40,"column":13},"end":{"line":42,"column":5}}},"5":{"name":"(anonymous_6)","decl":{"start":{"line":47,"column":4},"end":{"line":47,"column":8}},"loc":{"start":{"line":47,"column":24},"end":{"line":51,"column":5}}},"6":{"name":"(anonymous_7)","decl":{"start":{"line":56,"column":4},"end":{"line":56,"column":11}},"loc":{"start":{"line":56,"column":27},"end":{"line":60,"column":5}}},"7":{"name":"(anonymous_8)","decl":{"start":{"line":65,"column":4},"end":{"line":65,"column":8}},"loc":{"start":{"line":65,"column":24},"end":{"line":69,"column":5}}},"8":{"name":"(anonymous_9)","decl":{"start":{"line":74,"column":4},"end":{"line":74,"column":9}},"loc":{"start":{"line":74,"column":40},"end":{"line":83,"column":5}}},"9":{"name":"(anonymous_10)","decl":{"start":{"line":88,"column":4},"end":{"line":88,"column":11}},"loc":{"start":{"line":88,"column":50},"end":{"line":96,"column":5}}},"10":{"name":"(anonymous_11)","decl":{"start":{"line":101,"column":4},"end":{"line":101,"column":17}},"loc":{"start":{"line":101,"column":76},"end":{"line":110,"column":5}}},"11":{"name":"(anonymous_12)","decl":{"start":{"line":115,"column":12},"end":{"line":115,"column":24}},"loc":{"start":{"line":115,"column":24},"end":{"line":120,"column":5}}},"12":{"name":"(anonymous_13)","decl":{"start":{"line":125,"column":12},"end":{"line":125,"column":28}},"loc":{"start":{"line":125,"column":50},"end":{"line":140,"column":5}}},"13":{"name":"(anonymous_14)","decl":{"start":{"line":145,"column":4},"end":{"line":145,"column":15}},"loc":{"start":{"line":145,"column":29},"end":{"line":153,"column":5}}},"14":{"name":"(anonymous_15)","decl":{"start":{"line":158,"column":4},"end":{"line":158,"column":18}},"loc":{"start":{"line":158,"column":29},"end":{"line":163,"column":5}}},"15":{"name":"getLogger","decl":{"start":{"line":169,"column":16},"end":{"line":169,"column":25}},"loc":{"start":{"line":169,"column":25},"end":{"line":174,"column":1}}},"16":{"name":"setLogLevel","decl":{"start":{"line":176,"column":16},"end":{"line":176,"column":27}},"loc":{"start":{"line":176,"column":43},"end":{"line":178,"column":1}}}},"branchMap":{"0":{"loc":{"start":{"line":6,"column":12},"end":{"line":6,"column":null}},"type":"binary-expr","locations":[{"start":{"line":6,"column":12},"end":{"line":6,"column":20}},{"start":{"line":6,"column":20},"end":{"line":6,"column":null}}]},"1":{"loc":{"start":{"line":12,"column":12},"end":{"line":12,"column":null}},"type":"binary-expr","locations":[{"start":{"line":12,"column":12},"end":{"line":12,"column":23}},{"start":{"line":12,"column":23},"end":{"line":12,"column":null}}]},"2":{"loc":{"start":{"line":25,"column":16},"end":{"line":25,"column":51}},"type":"default-arg","locations":[{"start":{"line":25,"column":34},"end":{"line":25,"column":51}}]},"3":{"loc":{"start":{"line":48,"column":8},"end":{"line":50,"column":9}},"type":"if","locations":[{"start":{"line":48,"column":8},"end":{"line":50,"column":9}},{"start":{},"end":{}}]},"4":{"loc":{"start":{"line":57,"column":8},"end":{"line":59,"column":9}},"type":"if","locations":[{"start":{"line":57,"column":8},"end":{"line":59,"column":9}},{"start":{},"end":{}}]},"5":{"loc":{"start":{"line":66,"column":8},"end":{"line":68,"column":9}},"type":"if","locations":[{"start":{"line":66,"column":8},"end":{"line":68,"column":9}},{"start":{},"end":{}}]},"6":{"loc":{"start":{"line":75,"column":8},"end":{"line":82,"column":9}},"type":"if","locations":[{"start":{"line":75,"column":8},"end":{"line":82,"column":9}},{"start":{},"end":{}}]},"7":{"loc":{"start":{"line":78,"column":12},"end":{"line":81,"column":13}},"type":"if","locations":[{"start":{"line":78,"column":12},"end":{"line":81,"column":13}},{"start":{},"end":{}}]},"8":{"loc":{"start":{"line":78,"column":16},"end":{"line":78,"column":41}},"type":"binary-expr","locations":[{"start":{"line":78,"column":16},"end":{"line":78,"column":21}},{"start":{"line":78,"column":25},"end":{"line":78,"column":41}}]},"9":{"loc":{"start":{"line":80,"column":41},"end":{"line":80,"column":69}},"type":"binary-expr","locations":[{"start":{"line":80,"column":41},"end":{"line":80,"column":52}},{"start":{"line":80,"column":56},"end":{"line":80,"column":69}}]},"10":{"loc":{"start":{"line":89,"column":8},"end":{"line":95,"column":9}},"type":"if","locations":[{"start":{"line":89,"column":8},"end":{"line":95,"column":9}},{"start":{},"end":{}}]},"11":{"loc":{"start":{"line":101,"column":58},"end":{"line":101,"column":76}},"type":"default-arg","locations":[{"start":{"line":101,"column":75},"end":{"line":101,"column":76}}]},"12":{"loc":{"start":{"line":102,"column":8},"end":{"line":109,"column":9}},"type":"if","locations":[{"start":{"line":102,"column":8},"end":{"line":109,"column":9}},{"start":{},"end":{}}]},"13":{"loc":{"start":{"line":126,"column":8},"end":{"line":139,"column":9}},"type":"switch","locations":[{"start":{"line":127,"column":12},"end":{"line":128,"column":34}},{"start":{"line":129,"column":12},"end":{"line":130,"column":34}},{"start":{"line":131,"column":12},"end":{"line":132,"column":37}},{"start":{"line":133,"column":12},"end":{"line":134,"column":36}},{"start":{"line":135,"column":12},"end":{"line":136,"column":33}},{"start":{"line":137,"column":12},"end":{"line":138,"column":35}}]},"14":{"loc":{"start":{"line":146,"column":8},"end":{"line":146,"column":42}},"type":"if","locations":[{"start":{"line":146,"column":8},"end":{"line":146,"column":42}},{"start":{},"end":{}}]},"15":{"loc":{"start":{"line":159,"column":8},"end":{"line":161,"column":9}},"type":"if","locations":[{"start":{"line":159,"column":8},"end":{"line":161,"column":9}},{"start":{},"end":{}}]},"16":{"loc":{"start":{"line":170,"column":4},"end":{"line":172,"column":5}},"type":"if","locations":[{"start":{"line":170,"column":4},"end":{"line":172,"column":5}},{"start":{},"end":{}}]}},"s":{"0":1,"1":1,"2":1,"3":1,"4":1,"5":1,"6":1,"7":1,"8":1,"9":1,"10":1,"11":1,"12":1,"13":1,"14":9,"15":9,"16":7,"17":1,"18":2,"19":1,"20":0,"21":0,"22":0,"23":0,"24":2,"25":2,"26":2,"27":1,"28":1,"29":5,"30":4,"31":4,"32":4,"33":4,"34":0,"35":0,"36":0,"37":0,"38":0,"39":0,"40":4,"41":4,"42":4,"43":4,"44":4,"45":1,"46":1,"47":1,"48":0,"49":0,"50":1,"51":3,"52":1,"53":2,"54":2,"55":2,"56":2,"57":2,"58":1,"59":1,"60":1,"61":1,"62":0,"63":0,"64":0,"65":0},"f":{"0":1,"1":1,"2":9,"3":7,"4":1,"5":2,"6":0,"7":0,"8":2,"9":5,"10":0,"11":4,"12":4,"13":3,"14":2,"15":0,"16":0},"b":{"0":[1,1],"1":[1,1],"2":[9],"3":[1,1],"4":[0,0],"5":[0,0],"6":[2,0],"7":[1,1],"8":[2,1],"9":[1,0],"10":[4,1],"11":[0],"12":[0,0],"13":[1,1,1,0,0,1],"14":[1,2],"15":[1,1],"16":[0,0]}}
}
