{"/home/edohwares/Desktop/Room/drips/hintents/src/audit/AuditLogger.ts": {"path":"/home/edohwares/Desktop/Room/drips/hintents/src/audit/AuditLogger.ts","statementMap":{"0":{"start":{"line":1,"column":0},"end":{"line":1,"column":36}},"1":{"start":{"line":2,"column":0},"end":{"line":2,"column":51}},"2":{"start":{"line":26,"column":21},"end":{"line":26,"column":40}},"3":{"start":{"line":27,"column":21},"end":{"line":27,"column":46}},"4":{"start":{"line":36,"column":28},"end":{"line":36,"column":44}},"5":{"start":{"line":40,"column":22},"end":{"line":40,"column":80}},"6":{"start":{"line":43,"column":28},"end":{"line":43,"column":74}},"7":{"start":{"line":44,"column":25},"end":{"line":44,"column":69}},"8":{"start":{"line":46,"column":25},"end":{"line":46,"column":55}},"9":{"start":{"line":48,"column":4},"end":{"line":57,"column":6}},"10":{"start":{"line":24,"column":0},"end":{"line":24,"column":13}}},"fnMap":{"0":{"name":"(anonymous_1)","decl":{"start":{"line":25,"column":2},"end":{"line":25,"column":null}},"loc":{"start":{"line":27,"column":56},"end":{"line":28,"column":6}}},"1":{"name":"(anonymous_2)","decl":{"start":{"line":33,"column":9},"end":{"line":33,"column":14}},"loc":{"start":{"line":33,"column":48},"end":{"line":58,"column":3}}}},"branchMap":{"0":{"loc":{"start":{"line":27,"column":21},"end":{"line":27,"column":56}},"type":"default-arg","locations":[{"start":{"line":27,"column":46},"end":{"line":27,"column":56}}]}},"s":{"0":1,"1":1,"2":2,"3":2,"4":2,"5":2,"6":2,"7":2,"8":2,"9":2,"10":1},"f":{"0":2,"1":2},"b":{"0":[0]}}
,"/home/edohwares/Desktop/Room/drips/hintents/src/audit/AuditVerifier.ts": {"path":"/home/edohwares/Desktop/Room/drips/hintents/src/audit/AuditVerifier.ts","statementMap":{"0":{"start":{"line":1,"column":0},"end":{"line":1,"column":44}},"1":{"start":{"line":2,"column":0},"end":{"line":2,"column":51}},"2":{"start":{"line":4,"column":30},"end":{"line":37,"column":1}},"3":{"start":{"line":8,"column":37},"end":{"line":8,"column":45}},"4":{"start":{"line":11,"column":26},"end":{"line":11,"column":42}},"5":{"start":{"line":14,"column":27},"end":{"line":14,"column":85}},"6":{"start":{"line":17,"column":2},"end":{"line":20,"column":3}},"7":{"start":{"line":18,"column":4},"end":{"line":18,"column":60}},"8":{"start":{"line":19,"column":4},"end":{"line":19,"column":17}},"9":{"start":{"line":23,"column":19},"end":{"line":23,"column":53}},"10":{"start":{"line":24,"column":2},"end":{"line":27,"column":3}},"11":{"start":{"line":25,"column":4},"end":{"line":25,"column":91}},"12":{"start":{"line":26,"column":4},"end":{"line":26,"column":17}},"13":{"start":{"line":29,"column":27},"end":{"line":33,"column":null}},"14":{"start":{"line":36,"column":2},"end":{"line":36,"column":26}},"15":{"start":{"line":4,"column":13},"end":{"line":4,"column":30}}},"fnMap":{"0":{"name":"(anonymous_1)","decl":{"start":{"line":4,"column":30},"end":{"line":4,"column":null}},"loc":{"start":{"line":7,"column":13},"end":{"line":37,"column":1}}}},"branchMap":{"0":{"loc":{"start":{"line":17,"column":2},"end":{"line":20,"column":3}},"type":"if","locations":[{"start":{"line":17,"column":2},"end":{"line":20,"column":3}},{"start":{},"end":{}}]},"1":{"loc":{"start":{"line":23,"column":19},"end":{"line":23,"column":53}},"type":"binary-expr","locations":[{"start":{"line":23,"column":19},"end":{"line":23,"column":31}},{"start":{"line":23,"column":35},"end":{"line":23,"column":53}}]},"2":{"loc":{"start":{"line":24,"column":2},"end":{"line":27,"column":3}},"type":"if","locations":[{"start":{"line":24,"column":2},"end":{"line":27,"column":3}},{"start":{},"end":{}}]}},"s":{"0":1,"1":1,"2":1,"3":2,"4":2,"5":2,"6":2,"7":1,"8":1,"9":1,"10":1,"11":0,"12":0,"13":1,"14":1,"15":1},"f":{"0":2},"b":{"0":[1,1],"1":[1,1],"2":[0,1]}}
,"/home/edohwares/Desktop/Room/drips/hintents/src/audit/signing/mockSigner.ts": {"path":"/home/edohwares/Desktop/Room/drips/hintents/src/audit/signing/mockSigner.ts","statementMap":{"0":{"start":{"line":1,"column":0},"end":{"line":1,"column":63}},"1":{"start":{"line":12,"column":38},"end":{"line":15,"column":6}},"2":{"start":{"line":16,"column":4},"end":{"line":16,"column":36}},"3":{"start":{"line":17,"column":4},"end":{"line":17,"column":34}},"4":{"start":{"line":21,"column":4},"end":{"line":21,"column":68}},"5":{"start":{"line":25,"column":4},"end":{"line":25,"column":29}},"6":{"start":{"line":7,"column":0},"end":{"line":7,"column":13}}},"fnMap":{"0":{"name":"(anonymous_0)","decl":{"start":{"line":11,"column":2},"end":{"line":11,"column":null}},"loc":{"start":{"line":11,"column":2},"end":{"line":18,"column":3}}},"1":{"name":"(anonymous_1)","decl":{"start":{"line":20,"column":2},"end":{"line":20,"column":7}},"loc":{"start":{"line":20,"column":32},"end":{"line":22,"column":3}}},"2":{"name":"(anonymous_2)","decl":{"start":{"line":24,"column":2},"end":{"line":24,"column":7}},"loc":{"start":{"line":24,"column":18},"end":{"line":26,"column":3}}}},"branchMap":{},"s":{"0":1,"1":2,"2":2,"3":2,"4":2,"5":2,"6":1},"f":{"0":2,"1":2,"2":2},"b":{}}
,"/home/edohwares/Desktop/Room/drips/hintents/src/debug/session.ts": {"path":"/home/edohwares/Desktop/Room/drips/hintents/src/debug/session.ts","statementMap":{"0":{"start":{"line":9,"column":8},"end":{"line":9,"column":29}},"1":{"start":{"line":13,"column":8},"end":{"line":13,"column":96}},"2":{"start":{"line":5,"column":0},"end":{"line":5,"column":13}}},"fnMap":{"0":{"name":"(anonymous_0)","decl":{"start":{"line":8,"column":4},"end":{"line":8,"column":16}},"loc":{"start":{"line":8,"column":88},"end":{"line":10,"column":5}}},"1":{"name":"(anonymous_1)","decl":{"start":{"line":12,"column":4},"end":{"line":12,"column":9}},"loc":{"start":{"line":12,"column":15},"end":{"line":15,"column":5}}}},"branchMap":{},"s":{"0":6,"1":6,"2":1},"f":{"0":6,"1":6},"b":{}}
,"/home/edohwares/Desktop/Room/drips/hintents/src/protocol/handler.ts": {"path":"/home/edohwares/Desktop/Room/drips/hintents/src/protocol/handler.ts","statementMap":{"0":{"start":{"line":1,"column":0},"end":{"line":1,"column":52}},"1":{"start":{"line":2,"column":0},"end":{"line":2,"column":48}},"2":{"start":{"line":3,"column":0},"end":{"line":3,"column":34}},"3":{"start":{"line":4,"column":0},"end":{"line":4,"column":29}},"4":{"start":{"line":5,"column":0},"end":{"line":5,"column":25}},"5":{"start":{"line":23,"column":12},"end":{"line":23,"column":61}},"6":{"start":{"line":27,"column":8},"end":{"line":27,"column":38}},"7":{"start":{"line":28,"column":8},"end":{"line":34,"column":10}},"8":{"start":{"line":37,"column":8},"end":{"line":37,"column":83}},"9":{"start":{"line":44,"column":26},"end":{"line":44,"column":50}},"10":{"start":{"line":46,"column":8},"end":{"line":68,"column":9}},"11":{"start":{"line":48,"column":30},"end":{"line":48,"column":61}},"12":{"start":{"line":51,"column":27},"end":{"line":51,"column":55}},"13":{"start":{"line":54,"column":12},"end":{"line":54,"column":46}},"14":{"start":{"line":57,"column":12},"end":{"line":57,"column":63}},"15":{"start":{"line":60,"column":12},"end":{"line":60,"column":49}},"16":{"start":{"line":63,"column":12},"end":{"line":66,"column":13}},"17":{"start":{"line":64,"column":16},"end":{"line":64,"column":101}},"18":{"start":{"line":65,"column":16},"end":{"line":65,"column":28}},"19":{"start":{"line":67,"column":12},"end":{"line":67,"column":82}},"20":{"start":{"line":76,"column":8},"end":{"line":76,"column":40}},"21":{"start":{"line":79,"column":8},"end":{"line":85,"column":9}},"22":{"start":{"line":80,"column":28},"end":{"line":80,"column":85}},"23":{"start":{"line":82,"column":12},"end":{"line":84,"column":13}},"24":{"start":{"line":83,"column":16},"end":{"line":83,"column":83}},"25":{"start":{"line":88,"column":8},"end":{"line":95,"column":9}},"26":{"start":{"line":89,"column":12},"end":{"line":91,"column":13}},"27":{"start":{"line":90,"column":16},"end":{"line":90,"column":84}},"28":{"start":{"line":92,"column":12},"end":{"line":94,"column":13}},"29":{"start":{"line":93,"column":16},"end":{"line":93,"column":86}},"30":{"start":{"line":104,"column":20},"end":{"line":104,"column":30}},"31":{"start":{"line":105,"column":20},"end":{"line":105,"column":23}},"32":{"start":{"line":107,"column":8},"end":{"line":109,"column":9}},"33":{"start":{"line":108,"column":12},"end":{"line":108,"column":44}},"34":{"start":{"line":111,"column":27},"end":{"line":111,"column":55}},"35":{"start":{"line":114,"column":28},"end":{"line":114,"column":76}},"36":{"start":{"line":115,"column":33},"end":{"line":115,"column":74}},"37":{"start":{"line":115,"column":57},"end":{"line":115,"column":73}},"38":{"start":{"line":117,"column":8},"end":{"line":119,"column":9}},"39":{"start":{"line":118,"column":12},"end":{"line":118,"column":104}},"40":{"start":{"line":122,"column":8},"end":{"line":122,"column":35}},"41":{"start":{"line":123,"column":8},"end":{"line":123,"column":54}},"42":{"start":{"line":130,"column":8},"end":{"line":130,"column":74}},"43":{"start":{"line":131,"column":8},"end":{"line":131,"column":67}},"44":{"start":{"line":132,"column":8},"end":{"line":132,"column":59}},"45":{"start":{"line":134,"column":8},"end":{"line":136,"column":9}},"46":{"start":{"line":135,"column":12},"end":{"line":135,"column":69}},"47":{"start":{"line":138,"column":8},"end":{"line":140,"column":9}},"48":{"start":{"line":139,"column":12},"end":{"line":139,"column":62}},"49":{"start":{"line":142,"column":24},"end":{"line":146,"column":10}},"50":{"start":{"line":148,"column":8},"end":{"line":148,"column":30}},"51":{"start":{"line":156,"column":8},"end":{"line":171,"column":9}},"52":{"start":{"line":158,"column":12},"end":{"line":158,"column":81}},"53":{"start":{"line":160,"column":29},"end":{"line":164,"column":21}},"54":{"start":{"line":167,"column":12},"end":{"line":167,"column":69}},"55":{"start":{"line":170,"column":12},"end":{"line":170,"column":76}},"56":{"start":{"line":20,"column":0},"end":{"line":20,"column":13}}},"fnMap":{"0":{"name":"(anonymous_9)","decl":{"start":{"line":26,"column":4},"end":{"line":26,"column":16}},"loc":{"start":{"line":26,"column":42},"end":{"line":38,"column":5}}},"1":{"name":"(anonymous_10)","decl":{"start":{"line":43,"column":4},"end":{"line":43,"column":9}},"loc":{"start":{"line":43,"column":34},"end":{"line":69,"column":5}}},"2":{"name":"(anonymous_11)","decl":{"start":{"line":74,"column":12},"end":{"line":74,"column":17}},"loc":{"start":{"line":74,"column":50},"end":{"line":98,"column":5}}},"3":{"name":"(anonymous_12)","decl":{"start":{"line":103,"column":12},"end":{"line":103,"column":26}},"loc":{"start":{"line":103,"column":38},"end":{"line":124,"column":5}}},"4":{"name":"(anonymous_13)","decl":{"start":{"line":115,"column":51},"end":{"line":115,"column":53}},"loc":{"start":{"line":115,"column":57},"end":{"line":115,"column":73}}},"5":{"name":"(anonymous_14)","decl":{"start":{"line":129,"column":12},"end":{"line":129,"column":17}},"loc":{"start":{"line":129,"column":53},"end":{"line":149,"column":5}}},"6":{"name":"(anonymous_15)","decl":{"start":{"line":155,"column":12},"end":{"line":155,"column":17}},"loc":{"start":{"line":155,"column":88},"end":{"line":172,"column":5}}}},"branchMap":{"0":{"loc":{"start":{"line":26,"column":16},"end":{"line":26,"column":42}},"type":"default-arg","locations":[{"start":{"line":26,"column":40},"end":{"line":26,"column":42}}]},"1":{"loc":{"start":{"line":63,"column":12},"end":{"line":66,"column":13}},"type":"if","locations":[{"start":{"line":63,"column":12},"end":{"line":66,"column":13}},{"start":{},"end":{}}]},"2":{"loc":{"start":{"line":79,"column":8},"end":{"line":85,"column":9}},"type":"if","locations":[{"start":{"line":79,"column":8},"end":{"line":85,"column":9}},{"start":{},"end":{}}]},"3":{"loc":{"start":{"line":79,"column":12},"end":{"line":79,"column":50}},"type":"binary-expr","locations":[{"start":{"line":79,"column":12},"end":{"line":79,"column":30}},{"start":{"line":79,"column":34},"end":{"line":79,"column":50}}]},"4":{"loc":{"start":{"line":82,"column":12},"end":{"line":84,"column":13}},"type":"if","locations":[{"start":{"line":82,"column":12},"end":{"line":84,"column":13}},{"start":{},"end":{}}]},"5":{"loc":{"start":{"line":88,"column":8},"end":{"line":95,"column":9}},"type":"if","locations":[{"start":{"line":88,"column":8},"end":{"line":95,"column":9}},{"start":{},"end":{}}]},"6":{"loc":{"start":{"line":89,"column":12},"end":{"line":91,"column":13}},"type":"if","locations":[{"start":{"line":89,"column":12},"end":{"line":91,"column":13}},{"start":{},"end":{}}]},"7":{"loc":{"start":{"line":92,"column":12},"end":{"line":94,"column":13}},"type":"if","locations":[{"start":{"line":92,"column":12},"end":{"line":94,"column":13}},{"start":{},"end":{}}]},"8":{"loc":{"start":{"line":107,"column":8},"end":{"line":109,"column":9}},"type":"if","locations":[{"start":{"line":107,"column":8},"end":{"line":109,"column":9}},{"start":{},"end":{}}]},"9":{"loc":{"start":{"line":114,"column":35},"end":{"line":114,"column":75}},"type":"binary-expr","locations":[{"start":{"line":114,"column":35},"end":{"line":114,"column":66}},{"start":{"line":114,"column":70},"end":{"line":114,"column":75}}]},"10":{"loc":{"start":{"line":117,"column":8},"end":{"line":119,"column":9}},"type":"if","locations":[{"start":{"line":117,"column":8},"end":{"line":119,"column":9}},{"start":{},"end":{}}]},"11":{"loc":{"start":{"line":117,"column":40},"end":{"line":117,"column":82}},"type":"binary-expr","locations":[{"start":{"line":117,"column":40},"end":{"line":117,"column":77}},{"start":{"line":117,"column":81},"end":{"line":117,"column":82}}]},"12":{"loc":{"start":{"line":134,"column":8},"end":{"line":136,"column":9}},"type":"if","locations":[{"start":{"line":134,"column":8},"end":{"line":136,"column":9}},{"start":{},"end":{}}]},"13":{"loc":{"start":{"line":138,"column":8},"end":{"line":140,"column":9}},"type":"if","locations":[{"start":{"line":138,"column":8},"end":{"line":140,"column":9}},{"start":{},"end":{}}]}},"s":{"0":1,"1":1,"2":1,"3":1,"4":1,"5":4,"6":4,"7":4,"8":4,"9":8,"10":8,"11":8,"12":8,"13":8,"14":6,"15":6,"16":2,"17":2,"18":2,"19":0,"20":8,"21":7,"22":0,"23":0,"24":0,"25":7,"26":7,"27":0,"28":7,"29":1,"30":8,"31":8,"32":8,"33":5,"34":8,"35":8,"36":8,"37":6,"38":8,"39":1,"40":7,"41":7,"42":6,"43":6,"44":6,"45":6,"46":0,"47":6,"48":6,"49":6,"50":6,"51":8,"52":8,"53":8,"54":8,"55":0,"56":1},"f":{"0":4,"1":8,"2":8,"3":8,"4":6,"5":6,"6":8},"b":{"0":[0],"1":[2,0],"2":[0,7],"3":[7,7],"4":[0,0],"5":[7,0],"6":[0,7],"7":[1,6],"8":[5,3],"9":[8,0],"10":[1,7],"11":[8,0],"12":[0,6],"13":[6,0]}}
,"/home/edohwares/Desktop/Room/drips/hintents/src/protocol/uri-parser.ts": {"path":"/home/edohwares/Desktop/Room/drips/hintents/src/protocol/uri-parser.ts","statementMap":{"0":{"start":{"line":1,"column":0},"end":{"line":1,"column":33}},"1":{"start":{"line":2,"column":0},"end":{"line":2,"column":26}},"2":{"start":{"line":18,"column":21},"end":{"line":18,"column":39}},"3":{"start":{"line":19,"column":21},"end":{"line":19,"column":62}},"4":{"start":{"line":26,"column":8},"end":{"line":28,"column":9}},"5":{"start":{"line":27,"column":12},"end":{"line":27,"column":71}},"6":{"start":{"line":31,"column":8},"end":{"line":31,"column":37}},"7":{"start":{"line":34,"column":8},"end":{"line":36,"column":9}},"8":{"start":{"line":35,"column":12},"end":{"line":35,"column":78}},"9":{"start":{"line":38,"column":8},"end":{"line":102,"column":9}},"10":{"start":{"line":40,"column":24},"end":{"line":40,"column":42}},"11":{"start":{"line":44,"column":12},"end":{"line":46,"column":13}},"12":{"start":{"line":45,"column":16},"end":{"line":45,"column":68}},"13":{"start":{"line":48,"column":30},"end":{"line":48,"column":69}},"14":{"start":{"line":50,"column":12},"end":{"line":52,"column":13}},"15":{"start":{"line":51,"column":16},"end":{"line":51,"column":67}},"16":{"start":{"line":54,"column":36},"end":{"line":54,"column":68}},"17":{"start":{"line":57,"column":12},"end":{"line":59,"column":13}},"18":{"start":{"line":58,"column":16},"end":{"line":58,"column":67}},"19":{"start":{"line":62,"column":27},"end":{"line":62,"column":43}},"20":{"start":{"line":65,"column":28},"end":{"line":65,"column":49}},"21":{"start":{"line":66,"column":12},"end":{"line":68,"column":13}},"22":{"start":{"line":67,"column":16},"end":{"line":67,"column":71}},"23":{"start":{"line":70,"column":12},"end":{"line":72,"column":13}},"24":{"start":{"line":71,"column":16},"end":{"line":71,"column":102}},"25":{"start":{"line":75,"column":30},"end":{"line":75,"column":53}},"26":{"start":{"line":76,"column":35},"end":{"line":76,"column":82}},"27":{"start":{"line":78,"column":12},"end":{"line":80,"column":13}},"28":{"start":{"line":79,"column":16},"end":{"line":79,"column":91}},"29":{"start":{"line":83,"column":27},"end":{"line":83,"column":60}},"30":{"start":{"line":86,"column":30},"end":{"line":86,"column":66}},"31":{"start":{"line":88,"column":12},"end":{"line":95,"column":14}},"32":{"start":{"line":97,"column":12},"end":{"line":100,"column":13}},"33":{"start":{"line":99,"column":16},"end":{"line":99,"column":28}},"34":{"start":{"line":101,"column":12},"end":{"line":101,"column":66}},"35":{"start":{"line":109,"column":8},"end":{"line":111,"column":9}},"36":{"start":{"line":110,"column":12},"end":{"line":110,"column":25}},"37":{"start":{"line":115,"column":21},"end":{"line":115,"column":115}},"38":{"start":{"line":118,"column":34},"end":{"line":121,"column":26}},"39":{"start":{"line":124,"column":8},"end":{"line":131,"column":9}},"40":{"start":{"line":125,"column":12},"end":{"line":128,"column":14}},"41":{"start":{"line":130,"column":12},"end":{"line":130,"column":25}},"42":{"start":{"line":138,"column":21},"end":{"line":138,"column":115}},"43":{"start":{"line":140,"column":8},"end":{"line":143,"column":27}},"44":{"start":{"line":152,"column":8},"end":{"line":154,"column":31}},"45":{"start":{"line":17,"column":0},"end":{"line":17,"column":13}}},"fnMap":{"0":{"name":"(anonymous_9)","decl":{"start":{"line":17,"column":0},"end":{"line":17,"column":13}},"loc":{"start":{"line":17,"column":0},"end":{"line":156,"column":1}}},"1":{"name":"(anonymous_10)","decl":{"start":{"line":24,"column":4},"end":{"line":24,"column":9}},"loc":{"start":{"line":24,"column":27},"end":{"line":103,"column":5}}},"2":{"name":"(anonymous_11)","decl":{"start":{"line":108,"column":4},"end":{"line":108,"column":21}},"loc":{"start":{"line":108,"column":55},"end":{"line":132,"column":5}}},"3":{"name":"(anonymous_12)","decl":{"start":{"line":137,"column":4},"end":{"line":137,"column":21}},"loc":{"start":{"line":137,"column":82},"end":{"line":144,"column":5}}},"4":{"name":"(anonymous_13)","decl":{"start":{"line":149,"column":4},"end":{"line":149,"column":12}},"loc":{"start":{"line":149,"column":30},"end":{"line":155,"column":5}}}},"branchMap":{"0":{"loc":{"start":{"line":26,"column":8},"end":{"line":28,"column":9}},"type":"if","locations":[{"start":{"line":26,"column":8},"end":{"line":28,"column":9}},{"start":{},"end":{}}]},"1":{"loc":{"start":{"line":26,"column":12},"end":{"line":26,"column":55}},"type":"binary-expr","locations":[{"start":{"line":26,"column":12},"end":{"line":26,"column":22}},{"start":{"line":26,"column":26},"end":{"line":26,"column":55}}]},"2":{"loc":{"start":{"line":34,"column":8},"end":{"line":36,"column":9}},"type":"if","locations":[{"start":{"line":34,"column":8},"end":{"line":36,"column":9}},{"start":{},"end":{}}]},"3":{"loc":{"start":{"line":44,"column":12},"end":{"line":46,"column":13}},"type":"if","locations":[{"start":{"line":44,"column":12},"end":{"line":46,"column":13}},{"start":{},"end":{}}]},"4":{"loc":{"start":{"line":50,"column":12},"end":{"line":52,"column":13}},"type":"if","locations":[{"start":{"line":50,"column":12},"end":{"line":52,"column":13}},{"start":{},"end":{}}]},"5":{"loc":{"start":{"line":57,"column":12},"end":{"line":59,"column":13}},"type":"if","locations":[{"start":{"line":57,"column":12},"end":{"line":59,"column":13}},{"start":{},"end":{}}]},"6":{"loc":{"start":{"line":66,"column":12},"end":{"line":68,"column":13}},"type":"if","locations":[{"start":{"line":66,"column":12},"end":{"line":68,"column":13}},{"start":{},"end":{}}]},"7":{"loc":{"start":{"line":70,"column":12},"end":{"line":72,"column":13}},"type":"if","locations":[{"start":{"line":70,"column":12},"end":{"line":72,"column":13}},{"start":{},"end":{}}]},"8":{"loc":{"start":{"line":76,"column":35},"end":{"line":76,"column":82}},"type":"cond-expr","locations":[{"start":{"line":76,"column":47},"end":{"line":76,"column":70}},{"start":{"line":76,"column":73},"end":{"line":76,"column":82}}]},"9":{"loc":{"start":{"line":78,"column":12},"end":{"line":80,"column":13}},"type":"if","locations":[{"start":{"line":78,"column":12},"end":{"line":80,"column":13}},{"start":{},"end":{}}]},"10":{"loc":{"start":{"line":78,"column":16},"end":{"line":78,"column":93}},"type":"binary-expr","locations":[{"start":{"line":78,"column":16},"end":{"line":78,"column":44}},{"start":{"line":78,"column":49},"end":{"line":78,"column":70}},{"start":{"line":78,"column":74},"end":{"line":78,"column":92}}]},"11":{"loc":{"start":{"line":83,"column":27},"end":{"line":83,"column":60}},"type":"binary-expr","locations":[{"start":{"line":83,"column":27},"end":{"line":83,"column":47}},{"start":{"line":83,"column":51},"end":{"line":83,"column":60}}]},"12":{"loc":{"start":{"line":86,"column":30},"end":{"line":86,"column":66}},"type":"binary-expr","locations":[{"start":{"line":86,"column":30},"end":{"line":86,"column":53}},{"start":{"line":86,"column":57},"end":{"line":86,"column":66}}]},"13":{"loc":{"start":{"line":97,"column":12},"end":{"line":100,"column":13}},"type":"if","locations":[{"start":{"line":97,"column":12},"end":{"line":100,"column":13}},{"start":{},"end":{}}]},"14":{"loc":{"start":{"line":109,"column":8},"end":{"line":111,"column":9}},"type":"if","locations":[{"start":{"line":109,"column":8},"end":{"line":111,"column":9}},{"start":{},"end":{}}]},"15":{"loc":{"start":{"line":115,"column":68},"end":{"line":115,"column":90}},"type":"binary-expr","locations":[{"start":{"line":115,"column":68},"end":{"line":115,"column":84}},{"start":{"line":115,"column":88},"end":{"line":115,"column":90}}]},"16":{"loc":{"start":{"line":115,"column":94},"end":{"line":115,"column":113}},"type":"binary-expr","locations":[{"start":{"line":115,"column":94},"end":{"line":115,"column":107}},{"start":{"line":115,"column":111},"end":{"line":115,"column":113}}]},"17":{"loc":{"start":{"line":138,"column":68},"end":{"line":138,"column":90}},"type":"binary-expr","locations":[{"start":{"line":138,"column":68},"end":{"line":138,"column":84}},{"start":{"line":138,"column":88},"end":{"line":138,"column":90}}]},"18":{"loc":{"start":{"line":138,"column":94},"end":{"line":138,"column":113}},"type":"binary-expr","locations":[{"start":{"line":138,"column":94},"end":{"line":138,"column":107}},{"start":{"line":138,"column":111},"end":{"line":138,"column":113}}]}},"s":{"0":2,"1":2,"2":16,"3":16,"4":16,"5":0,"6":16,"7":16,"8":1,"9":15,"10":15,"11":15,"12":0,"13":15,"14":15,"15":1,"16":14,"17":14,"18":1,"19":13,"20":13,"21":13,"22":1,"23":12,"24":1,"25":11,"26":11,"27":11,"28":1,"29":10,"30":10,"31":10,"32":5,"33":5,"34":0,"35":2,"36":0,"37":2,"38":2,"39":2,"40":2,"41":1,"42":1,"43":1,"44":10,"45":2},"f":{"0":16,"1":16,"2":2,"3":1,"4":10},"b":{"0":[0,16],"1":[16,16],"2":[1,15],"3":[0,15],"4":[1,14],"5":[1,13],"6":[1,12],"7":[1,11],"8":[2,9],"9":[1,10],"10":[11,2,2],"11":[10,1],"12":[10,10],"13":[5,0],"14":[0,2],"15":[2,2],"16":[2,0],"17":[1,1],"18":[1,0]}}
}
