TN:
SF:src/audit/AuditLogger.ts
FN:25,(anonymous_1)
FN:33,(anonymous_2)
FNF:2
FNH:2
FNDA:2,(anonymous_1)
FNDA:2,(anonymous_2)
DA:1,1
DA:2,1
DA:24,1
DA:26,2
DA:27,2
DA:36,2
DA:40,2
DA:43,2
DA:44,2
DA:46,2
DA:48,2
LF:11
LH:11
BRDA:27,0,0,0
BRF:1
BRH:0
end_of_record
TN:
SF:src/audit/AuditVerifier.ts
FN:4,(anonymous_1)
FNF:1
FNH:1
FNDA:2,(anonymous_1)
DA:1,1
DA:2,1
DA:4,1
DA:8,2
DA:11,2
DA:14,2
DA:17,2
DA:18,1
DA:19,1
DA:23,1
DA:24,1
DA:25,0
DA:26,0
DA:29,1
DA:36,1
LF:15
LH:13
BRDA:17,0,0,1
BRDA:17,0,1,1
BRDA:23,1,0,1
BRDA:23,1,1,1
BRDA:24,2,0,0
BRDA:24,2,1,1
BRF:6
BRH:5
end_of_record
TN:
SF:src/audit/signing/mockSigner.ts
FN:11,(anonymous_0)
FN:20,(anonymous_1)
FN:24,(anonymous_2)
FNF:3
FNH:3
FNDA:2,(anonymous_0)
FNDA:2,(anonymous_1)
FNDA:2,(anonymous_2)
DA:1,1
DA:7,1
DA:12,2
DA:16,2
DA:17,2
DA:21,2
DA:25,2
LF:7
LH:7
BRF:0
BRH:0
end_of_record
TN:
SF:src/debug/session.ts
FN:8,(anonymous_0)
FN:12,(anonymous_1)
FNF:2
FNH:2
FNDA:6,(anonymous_0)
FNDA:6,(anonymous_1)
DA:5,1
DA:9,6
DA:13,6
LF:3
LH:3
BRF:0
BRH:0
end_of_record
TN:
SF:src/protocol/handler.ts
FN:26,(anonymous_9)
FN:43,(anonymous_10)
FN:74,(anonymous_11)
FN:103,(anonymous_12)
FN:115,(anonymous_13)
FN:129,(anonymous_14)
FN:155,(anonymous_15)
FNF:7
FNH:7
FNDA:4,(anonymous_9)
FNDA:8,(anonymous_10)
FNDA:8,(anonymous_11)
FNDA:8,(anonymous_12)
FNDA:6,(anonymous_13)
FNDA:6,(anonymous_14)
FNDA:8,(anonymous_15)
DA:1,1
DA:2,1
DA:3,1
DA:4,1
DA:5,1
DA:20,1
DA:23,4
DA:27,4
DA:28,4
DA:37,4
DA:44,8
DA:46,8
DA:48,8
DA:51,8
DA:54,8
DA:57,6
DA:60,6
DA:63,2
DA:64,2
DA:65,2
DA:67,0
DA:76,8
DA:79,7
DA:80,0
DA:82,0
DA:83,0
DA:88,7
DA:89,7
DA:90,0
DA:92,7
DA:93,1
DA:104,8
DA:105,8
DA:107,8
DA:108,5
DA:111,8
DA:114,8
DA:115,8
DA:117,8
DA:118,1
DA:122,7
DA:123,7
DA:130,6
DA:131,6
DA:132,6
DA:134,6
DA:135,0
DA:138,6
DA:139,6
DA:142,6
DA:148,6
DA:156,8
DA:158,8
DA:160,8
DA:167,8
DA:170,0
LF:56
LH:49
BRDA:26,0,0,0
BRDA:63,1,0,2
BRDA:63,1,1,0
BRDA:79,2,0,0
BRDA:79,2,1,7
BRDA:79,3,0,7
BRDA:79,3,1,7
BRDA:82,4,0,0
BRDA:82,4,1,0
BRDA:88,5,0,7
BRDA:88,5,1,0
BRDA:89,6,0,0
BRDA:89,6,1,7
BRDA:92,7,0,1
BRDA:92,7,1,6
BRDA:107,8,0,5
BRDA:107,8,1,3
BRDA:114,9,0,8
BRDA:114,9,1,0
BRDA:117,10,0,1
BRDA:117,10,1,7
BRDA:117,11,0,8
BRDA:117,11,1,0
BRDA:134,12,0,0
BRDA:134,12,1,6
BRDA:138,13,0,6
BRDA:138,13,1,0
BRF:27
BRH:16
end_of_record
TN:
SF:src/protocol/uri-parser.ts
FN:17,(anonymous_9)
FN:24,(anonymous_10)
FN:108,(anonymous_11)
FN:137,(anonymous_12)
FN:149,(anonymous_13)
FNF:5
FNH:5
FNDA:16,(anonymous_9)
FNDA:16,(anonymous_10)
FNDA:2,(anonymous_11)
FNDA:1,(anonymous_12)
FNDA:10,(anonymous_13)
DA:1,2
DA:2,2
DA:17,2
DA:18,16
DA:19,16
DA:26,16
DA:27,0
DA:31,16
DA:34,16
DA:35,1
DA:38,15
DA:40,15
DA:44,15
DA:45,0
DA:48,15
DA:50,15
DA:51,1
DA:54,14
DA:57,14
DA:58,1
DA:62,13
DA:65,13
DA:66,13
DA:67,1
DA:70,12
DA:71,1
DA:75,11
DA:76,11
DA:78,11
DA:79,1
DA:83,10
DA:86,10
DA:88,10
DA:97,5
DA:99,5
DA:101,0
DA:109,2
DA:110,0
DA:115,2
DA:118,2
DA:124,2
DA:125,2
DA:130,1
DA:138,1
DA:140,1
DA:152,10
LF:46
LH:42
BRDA:26,0,0,0
BRDA:26,0,1,16
BRDA:26,1,0,16
BRDA:26,1,1,16
BRDA:34,2,0,1
BRDA:34,2,1,15
BRDA:44,3,0,0
BRDA:44,3,1,15
BRDA:50,4,0,1
BRDA:50,4,1,14
BRDA:57,5,0,1
BRDA:57,5,1,13
BRDA:66,6,0,1
BRDA:66,6,1,12
BRDA:70,7,0,1
BRDA:70,7,1,11
BRDA:76,8,0,2
BRDA:76,8,1,9
BRDA:78,9,0,1
BRDA:78,9,1,10
BRDA:78,10,0,11
BRDA:78,10,1,2
BRDA:78,10,2,2
BRDA:83,11,0,10
BRDA:83,11,1,1
BRDA:86,12,0,10
BRDA:86,12,1,10
BRDA:97,13,0,5
BRDA:97,13,1,0
BRDA:109,14,0,0
BRDA:109,14,1,2
BRDA:115,15,0,2
BRDA:115,15,1,2
BRDA:115,16,0,2
BRDA:115,16,1,0
BRDA:138,17,0,1
BRDA:138,17,1,1
BRDA:138,18,0,1
BRDA:138,18,1,0
BRF:39
BRH:33
end_of_record
