TN:
SF:src/utils/logger.ts
FN:6,(anonymous_1)
FN:12,(anonymous_2)
FN:25,(anonymous_3)
FN:33,(anonymous_4)
FN:40,(anonymous_5)
FN:47,(anonymous_6)
FN:56,(anonymous_7)
FN:65,(anonymous_8)
FN:74,(anonymous_9)
FN:88,(anonymous_10)
FN:101,(anonymous_11)
FN:115,(anonymous_12)
FN:125,(anonymous_13)
FN:145,(anonymous_14)
FN:158,(anonymous_15)
FN:169,getLogger
FN:176,setLogLevel
FNF:17
FNH:12
FNDA:1,(anonymous_1)
FNDA:1,(anonymous_2)
FNDA:9,(anonymous_3)
FNDA:7,(anonymous_4)
FNDA:1,(anonymous_5)
FNDA:2,(anonymous_6)
FNDA:0,(anonymous_7)
FNDA:0,(anonymous_8)
FNDA:2,(anonymous_9)
FNDA:5,(anonymous_10)
FNDA:0,(anonymous_11)
FNDA:4,(anonymous_12)
FNDA:4,(anonymous_13)
FNDA:3,(anonymous_14)
FNDA:2,(anonymous_15)
FNDA:0,getLogger
FNDA:0,setLogLevel
DA:4,1
DA:6,1
DA:7,1
DA:8,1
DA:9,1
DA:12,1
DA:13,1
DA:14,1
DA:15,1
DA:16,1
DA:17,1
DA:18,1
DA:21,1
DA:26,9
DA:27,9
DA:34,7
DA:41,1
DA:48,2
DA:49,1
DA:57,0
DA:58,0
DA:66,0
DA:67,0
DA:75,2
DA:76,2
DA:78,2
DA:79,1
DA:80,1
DA:89,5
DA:90,4
DA:91,4
DA:92,4
DA:94,4
DA:102,0
DA:103,0
DA:104,0
DA:105,0
DA:106,0
DA:108,0
DA:116,4
DA:117,4
DA:118,4
DA:119,4
DA:126,4
DA:128,1
DA:130,1
DA:132,1
DA:134,0
DA:136,0
DA:138,1
DA:146,3
DA:148,2
DA:149,2
DA:150,2
DA:152,2
DA:159,2
DA:160,1
DA:162,1
DA:167,1
DA:169,1
DA:170,0
DA:171,0
DA:173,0
DA:176,1
DA:177,0
LF:65
LH:49
BRDA:6,0,0,1
BRDA:6,0,1,1
BRDA:12,1,0,1
BRDA:12,1,1,1
BRDA:25,2,0,9
BRDA:48,3,0,1
BRDA:48,3,1,1
BRDA:57,4,0,0
BRDA:57,4,1,0
BRDA:66,5,0,0
BRDA:66,5,1,0
BRDA:75,6,0,2
BRDA:75,6,1,0
BRDA:78,7,0,1
BRDA:78,7,1,1
BRDA:78,8,0,2
BRDA:78,8,1,1
BRDA:80,9,0,1
BRDA:80,9,1,0
BRDA:89,10,0,4
BRDA:89,10,1,1
BRDA:101,11,0,0
BRDA:102,12,0,0
BRDA:102,12,1,0
BRDA:126,13,0,1
BRDA:126,13,1,1
BRDA:126,13,2,1
BRDA:126,13,3,0
BRDA:126,13,4,0
BRDA:126,13,5,1
BRDA:146,14,0,1
BRDA:146,14,1,2
BRDA:159,15,0,1
BRDA:159,15,1,1
BRDA:170,16,0,0
BRDA:170,16,1,0
BRF:36
BRH:23
end_of_record
